Copyright 1986-2016 Xilinx, Inc. All Rights Reserved.
---------------------------------------------------------------------------------------------------------------
| Tool Version : Vivado v.2016.4 (lin64) Build 1756540 Mon Jan 23 19:11:19 MST 2017
| Date         : Tue Feb 19 16:58:44 2019
| Host         : indus running 64-bit Ubuntu 16.04.2 LTS
| Command      : report_methodology -file Main_methodology_drc_routed.rpt -rpx Main_methodology_drc_routed.rpx
| Design       : Main
| Device       : xc7a35tcpg236-1
| Speed File   : -1
| Design State : Routed
---------------------------------------------------------------------------------------------------------------

Report Methodology

Table of Contents
-----------------
1. REPORT SUMMARY
2. REPORT DETAILS

1. REPORT SUMMARY
-----------------
            Netlist: netlist
          Floorplan: design_1
      Design limits: <entire design considered>
             Max violations: <unlimited>
             Violations found: 97
+-----------+----------+-------------------------------+------------+
| Rule      | Severity | Description                   | Violations |
+-----------+----------+-------------------------------+------------+
| TIMING-17 | Warning  | Non-clocked sequential cell   | 5          |
| TIMING-18 | Warning  | Missing input or output delay | 21         |
| TIMING-20 | Warning  | Non-clocked latch             | 71         |
+-----------+----------+-------------------------------+------------+

2. REPORT DETAILS
-----------------
TIMING-17#1 Warning
Non-clocked sequential cell  
The clock pin debouncer_step/count_reg[0]/C is not reached by a timing clock
Related violations: <none>

TIMING-17#2 Warning
Non-clocked sequential cell  
The clock pin debouncer_step/count_reg[1]/C is not reached by a timing clock
Related violations: <none>

TIMING-17#3 Warning
Non-clocked sequential cell  
The clock pin debouncer_step/count_reg[2]/C is not reached by a timing clock
Related violations: <none>

TIMING-17#4 Warning
Non-clocked sequential cell  
The clock pin debouncer_step/count_reg[3]/C is not reached by a timing clock
Related violations: <none>

TIMING-17#5 Warning
Non-clocked sequential cell  
The clock pin debouncer_step/output_reg/C is not reached by a timing clock
Related violations: <none>

TIMING-18#1 Warning
Missing input or output delay  
An input delay is missing on go relative to clock(s) sys_clk_pin 
Related violations: <none>

TIMING-18#2 Warning
Missing input or output delay  
An input delay is missing on pselect[0] relative to clock(s) sys_clk_pin 
Related violations: <none>

TIMING-18#3 Warning
Missing input or output delay  
An input delay is missing on pselect[1] relative to clock(s) sys_clk_pin 
Related violations: <none>

TIMING-18#4 Warning
Missing input or output delay  
An input delay is missing on pselect[2] relative to clock(s) sys_clk_pin 
Related violations: <none>

TIMING-18#5 Warning
Missing input or output delay  
An input delay is missing on reset relative to clock(s) sys_clk_pin 
Related violations: <none>

TIMING-18#6 Warning
Missing input or output delay  
An output delay is missing on led_vector[0] relative to clock(s) sys_clk_pin 
Related violations: <none>

TIMING-18#7 Warning
Missing input or output delay  
An output delay is missing on led_vector[10] relative to clock(s) sys_clk_pin 
Related violations: <none>

TIMING-18#8 Warning
Missing input or output delay  
An output delay is missing on led_vector[11] relative to clock(s) sys_clk_pin 
Related violations: <none>

TIMING-18#9 Warning
Missing input or output delay  
An output delay is missing on led_vector[12] relative to clock(s) sys_clk_pin 
Related violations: <none>

TIMING-18#10 Warning
Missing input or output delay  
An output delay is missing on led_vector[13] relative to clock(s) sys_clk_pin 
Related violations: <none>

TIMING-18#11 Warning
Missing input or output delay  
An output delay is missing on led_vector[14] relative to clock(s) sys_clk_pin 
Related violations: <none>

TIMING-18#12 Warning
Missing input or output delay  
An output delay is missing on led_vector[15] relative to clock(s) sys_clk_pin 
Related violations: <none>

TIMING-18#13 Warning
Missing input or output delay  
An output delay is missing on led_vector[1] relative to clock(s) sys_clk_pin 
Related violations: <none>

TIMING-18#14 Warning
Missing input or output delay  
An output delay is missing on led_vector[2] relative to clock(s) sys_clk_pin 
Related violations: <none>

TIMING-18#15 Warning
Missing input or output delay  
An output delay is missing on led_vector[3] relative to clock(s) sys_clk_pin 
Related violations: <none>

TIMING-18#16 Warning
Missing input or output delay  
An output delay is missing on led_vector[4] relative to clock(s) sys_clk_pin 
Related violations: <none>

TIMING-18#17 Warning
Missing input or output delay  
An output delay is missing on led_vector[5] relative to clock(s) sys_clk_pin 
Related violations: <none>

TIMING-18#18 Warning
Missing input or output delay  
An output delay is missing on led_vector[6] relative to clock(s) sys_clk_pin 
Related violations: <none>

TIMING-18#19 Warning
Missing input or output delay  
An output delay is missing on led_vector[7] relative to clock(s) sys_clk_pin 
Related violations: <none>

TIMING-18#20 Warning
Missing input or output delay  
An output delay is missing on led_vector[8] relative to clock(s) sys_clk_pin 
Related violations: <none>

TIMING-18#21 Warning
Missing input or output delay  
An output delay is missing on led_vector[9] relative to clock(s) sys_clk_pin 
Related violations: <none>

TIMING-20#1 Warning
Non-clocked latch  
The latch temp_CPU/admem_reg[0] cannot be properly analyzed as its control pin temp_CPU/admem_reg[0]/G is not reached by a timing clock
Related violations: <none>

TIMING-20#2 Warning
Non-clocked latch  
The latch temp_CPU/admem_reg[10] cannot be properly analyzed as its control pin temp_CPU/admem_reg[10]/G is not reached by a timing clock
Related violations: <none>

TIMING-20#3 Warning
Non-clocked latch  
The latch temp_CPU/admem_reg[11] cannot be properly analyzed as its control pin temp_CPU/admem_reg[11]/G is not reached by a timing clock
Related violations: <none>

TIMING-20#4 Warning
Non-clocked latch  
The latch temp_CPU/admem_reg[12] cannot be properly analyzed as its control pin temp_CPU/admem_reg[12]/G is not reached by a timing clock
Related violations: <none>

TIMING-20#5 Warning
Non-clocked latch  
The latch temp_CPU/admem_reg[13] cannot be properly analyzed as its control pin temp_CPU/admem_reg[13]/G is not reached by a timing clock
Related violations: <none>

TIMING-20#6 Warning
Non-clocked latch  
The latch temp_CPU/admem_reg[14] cannot be properly analyzed as its control pin temp_CPU/admem_reg[14]/G is not reached by a timing clock
Related violations: <none>

TIMING-20#7 Warning
Non-clocked latch  
The latch temp_CPU/admem_reg[15] cannot be properly analyzed as its control pin temp_CPU/admem_reg[15]/G is not reached by a timing clock
Related violations: <none>

TIMING-20#8 Warning
Non-clocked latch  
The latch temp_CPU/admem_reg[16] cannot be properly analyzed as its control pin temp_CPU/admem_reg[16]/G is not reached by a timing clock
Related violations: <none>

TIMING-20#9 Warning
Non-clocked latch  
The latch temp_CPU/admem_reg[17] cannot be properly analyzed as its control pin temp_CPU/admem_reg[17]/G is not reached by a timing clock
Related violations: <none>

TIMING-20#10 Warning
Non-clocked latch  
The latch temp_CPU/admem_reg[18] cannot be properly analyzed as its control pin temp_CPU/admem_reg[18]/G is not reached by a timing clock
Related violations: <none>

TIMING-20#11 Warning
Non-clocked latch  
The latch temp_CPU/admem_reg[19] cannot be properly analyzed as its control pin temp_CPU/admem_reg[19]/G is not reached by a timing clock
Related violations: <none>

TIMING-20#12 Warning
Non-clocked latch  
The latch temp_CPU/admem_reg[1] cannot be properly analyzed as its control pin temp_CPU/admem_reg[1]/G is not reached by a timing clock
Related violations: <none>

TIMING-20#13 Warning
Non-clocked latch  
The latch temp_CPU/admem_reg[20] cannot be properly analyzed as its control pin temp_CPU/admem_reg[20]/G is not reached by a timing clock
Related violations: <none>

TIMING-20#14 Warning
Non-clocked latch  
The latch temp_CPU/admem_reg[21] cannot be properly analyzed as its control pin temp_CPU/admem_reg[21]/G is not reached by a timing clock
Related violations: <none>

TIMING-20#15 Warning
Non-clocked latch  
The latch temp_CPU/admem_reg[22] cannot be properly analyzed as its control pin temp_CPU/admem_reg[22]/G is not reached by a timing clock
Related violations: <none>

TIMING-20#16 Warning
Non-clocked latch  
The latch temp_CPU/admem_reg[23] cannot be properly analyzed as its control pin temp_CPU/admem_reg[23]/G is not reached by a timing clock
Related violations: <none>

TIMING-20#17 Warning
Non-clocked latch  
The latch temp_CPU/admem_reg[24] cannot be properly analyzed as its control pin temp_CPU/admem_reg[24]/G is not reached by a timing clock
Related violations: <none>

TIMING-20#18 Warning
Non-clocked latch  
The latch temp_CPU/admem_reg[25] cannot be properly analyzed as its control pin temp_CPU/admem_reg[25]/G is not reached by a timing clock
Related violations: <none>

TIMING-20#19 Warning
Non-clocked latch  
The latch temp_CPU/admem_reg[26] cannot be properly analyzed as its control pin temp_CPU/admem_reg[26]/G is not reached by a timing clock
Related violations: <none>

TIMING-20#20 Warning
Non-clocked latch  
The latch temp_CPU/admem_reg[27] cannot be properly analyzed as its control pin temp_CPU/admem_reg[27]/G is not reached by a timing clock
Related violations: <none>

TIMING-20#21 Warning
Non-clocked latch  
The latch temp_CPU/admem_reg[28] cannot be properly analyzed as its control pin temp_CPU/admem_reg[28]/G is not reached by a timing clock
Related violations: <none>

TIMING-20#22 Warning
Non-clocked latch  
The latch temp_CPU/admem_reg[29] cannot be properly analyzed as its control pin temp_CPU/admem_reg[29]/G is not reached by a timing clock
Related violations: <none>

TIMING-20#23 Warning
Non-clocked latch  
The latch temp_CPU/admem_reg[2] cannot be properly analyzed as its control pin temp_CPU/admem_reg[2]/G is not reached by a timing clock
Related violations: <none>

TIMING-20#24 Warning
Non-clocked latch  
The latch temp_CPU/admem_reg[30] cannot be properly analyzed as its control pin temp_CPU/admem_reg[30]/G is not reached by a timing clock
Related violations: <none>

TIMING-20#25 Warning
Non-clocked latch  
The latch temp_CPU/admem_reg[31] cannot be properly analyzed as its control pin temp_CPU/admem_reg[31]/G is not reached by a timing clock
Related violations: <none>

TIMING-20#26 Warning
Non-clocked latch  
The latch temp_CPU/admem_reg[3] cannot be properly analyzed as its control pin temp_CPU/admem_reg[3]/G is not reached by a timing clock
Related violations: <none>

TIMING-20#27 Warning
Non-clocked latch  
The latch temp_CPU/admem_reg[4] cannot be properly analyzed as its control pin temp_CPU/admem_reg[4]/G is not reached by a timing clock
Related violations: <none>

TIMING-20#28 Warning
Non-clocked latch  
The latch temp_CPU/admem_reg[5] cannot be properly analyzed as its control pin temp_CPU/admem_reg[5]/G is not reached by a timing clock
Related violations: <none>

TIMING-20#29 Warning
Non-clocked latch  
The latch temp_CPU/admem_reg[6] cannot be properly analyzed as its control pin temp_CPU/admem_reg[6]/G is not reached by a timing clock
Related violations: <none>

TIMING-20#30 Warning
Non-clocked latch  
The latch temp_CPU/admem_reg[7] cannot be properly analyzed as its control pin temp_CPU/admem_reg[7]/G is not reached by a timing clock
Related violations: <none>

TIMING-20#31 Warning
Non-clocked latch  
The latch temp_CPU/admem_reg[8] cannot be properly analyzed as its control pin temp_CPU/admem_reg[8]/G is not reached by a timing clock
Related violations: <none>

TIMING-20#32 Warning
Non-clocked latch  
The latch temp_CPU/admem_reg[9] cannot be properly analyzed as its control pin temp_CPU/admem_reg[9]/G is not reached by a timing clock
Related violations: <none>

TIMING-20#33 Warning
Non-clocked latch  
The latch temp_CPU/dtmem_reg[0] cannot be properly analyzed as its control pin temp_CPU/dtmem_reg[0]/G is not reached by a timing clock
Related violations: <none>

TIMING-20#34 Warning
Non-clocked latch  
The latch temp_CPU/dtmem_reg[10] cannot be properly analyzed as its control pin temp_CPU/dtmem_reg[10]/G is not reached by a timing clock
Related violations: <none>

TIMING-20#35 Warning
Non-clocked latch  
The latch temp_CPU/dtmem_reg[11] cannot be properly analyzed as its control pin temp_CPU/dtmem_reg[11]/G is not reached by a timing clock
Related violations: <none>

TIMING-20#36 Warning
Non-clocked latch  
The latch temp_CPU/dtmem_reg[12] cannot be properly analyzed as its control pin temp_CPU/dtmem_reg[12]/G is not reached by a timing clock
Related violations: <none>

TIMING-20#37 Warning
Non-clocked latch  
The latch temp_CPU/dtmem_reg[13] cannot be properly analyzed as its control pin temp_CPU/dtmem_reg[13]/G is not reached by a timing clock
Related violations: <none>

TIMING-20#38 Warning
Non-clocked latch  
The latch temp_CPU/dtmem_reg[14] cannot be properly analyzed as its control pin temp_CPU/dtmem_reg[14]/G is not reached by a timing clock
Related violations: <none>

TIMING-20#39 Warning
Non-clocked latch  
The latch temp_CPU/dtmem_reg[15] cannot be properly analyzed as its control pin temp_CPU/dtmem_reg[15]/G is not reached by a timing clock
Related violations: <none>

TIMING-20#40 Warning
Non-clocked latch  
The latch temp_CPU/dtmem_reg[16] cannot be properly analyzed as its control pin temp_CPU/dtmem_reg[16]/G is not reached by a timing clock
Related violations: <none>

TIMING-20#41 Warning
Non-clocked latch  
The latch temp_CPU/dtmem_reg[17] cannot be properly analyzed as its control pin temp_CPU/dtmem_reg[17]/G is not reached by a timing clock
Related violations: <none>

TIMING-20#42 Warning
Non-clocked latch  
The latch temp_CPU/dtmem_reg[18] cannot be properly analyzed as its control pin temp_CPU/dtmem_reg[18]/G is not reached by a timing clock
Related violations: <none>

TIMING-20#43 Warning
Non-clocked latch  
The latch temp_CPU/dtmem_reg[19] cannot be properly analyzed as its control pin temp_CPU/dtmem_reg[19]/G is not reached by a timing clock
Related violations: <none>

TIMING-20#44 Warning
Non-clocked latch  
The latch temp_CPU/dtmem_reg[1] cannot be properly analyzed as its control pin temp_CPU/dtmem_reg[1]/G is not reached by a timing clock
Related violations: <none>

TIMING-20#45 Warning
Non-clocked latch  
The latch temp_CPU/dtmem_reg[20] cannot be properly analyzed as its control pin temp_CPU/dtmem_reg[20]/G is not reached by a timing clock
Related violations: <none>

TIMING-20#46 Warning
Non-clocked latch  
The latch temp_CPU/dtmem_reg[21] cannot be properly analyzed as its control pin temp_CPU/dtmem_reg[21]/G is not reached by a timing clock
Related violations: <none>

TIMING-20#47 Warning
Non-clocked latch  
The latch temp_CPU/dtmem_reg[22] cannot be properly analyzed as its control pin temp_CPU/dtmem_reg[22]/G is not reached by a timing clock
Related violations: <none>

TIMING-20#48 Warning
Non-clocked latch  
The latch temp_CPU/dtmem_reg[23] cannot be properly analyzed as its control pin temp_CPU/dtmem_reg[23]/G is not reached by a timing clock
Related violations: <none>

TIMING-20#49 Warning
Non-clocked latch  
The latch temp_CPU/dtmem_reg[24] cannot be properly analyzed as its control pin temp_CPU/dtmem_reg[24]/G is not reached by a timing clock
Related violations: <none>

TIMING-20#50 Warning
Non-clocked latch  
The latch temp_CPU/dtmem_reg[25] cannot be properly analyzed as its control pin temp_CPU/dtmem_reg[25]/G is not reached by a timing clock
Related violations: <none>

TIMING-20#51 Warning
Non-clocked latch  
The latch temp_CPU/dtmem_reg[26] cannot be properly analyzed as its control pin temp_CPU/dtmem_reg[26]/G is not reached by a timing clock
Related violations: <none>

TIMING-20#52 Warning
Non-clocked latch  
The latch temp_CPU/dtmem_reg[27] cannot be properly analyzed as its control pin temp_CPU/dtmem_reg[27]/G is not reached by a timing clock
Related violations: <none>

TIMING-20#53 Warning
Non-clocked latch  
The latch temp_CPU/dtmem_reg[28] cannot be properly analyzed as its control pin temp_CPU/dtmem_reg[28]/G is not reached by a timing clock
Related violations: <none>

TIMING-20#54 Warning
Non-clocked latch  
The latch temp_CPU/dtmem_reg[29] cannot be properly analyzed as its control pin temp_CPU/dtmem_reg[29]/G is not reached by a timing clock
Related violations: <none>

TIMING-20#55 Warning
Non-clocked latch  
The latch temp_CPU/dtmem_reg[2] cannot be properly analyzed as its control pin temp_CPU/dtmem_reg[2]/G is not reached by a timing clock
Related violations: <none>

TIMING-20#56 Warning
Non-clocked latch  
The latch temp_CPU/dtmem_reg[30] cannot be properly analyzed as its control pin temp_CPU/dtmem_reg[30]/G is not reached by a timing clock
Related violations: <none>

TIMING-20#57 Warning
Non-clocked latch  
The latch temp_CPU/dtmem_reg[31] cannot be properly analyzed as its control pin temp_CPU/dtmem_reg[31]/G is not reached by a timing clock
Related violations: <none>

TIMING-20#58 Warning
Non-clocked latch  
The latch temp_CPU/dtmem_reg[3] cannot be properly analyzed as its control pin temp_CPU/dtmem_reg[3]/G is not reached by a timing clock
Related violations: <none>

TIMING-20#59 Warning
Non-clocked latch  
The latch temp_CPU/dtmem_reg[4] cannot be properly analyzed as its control pin temp_CPU/dtmem_reg[4]/G is not reached by a timing clock
Related violations: <none>

TIMING-20#60 Warning
Non-clocked latch  
The latch temp_CPU/dtmem_reg[5] cannot be properly analyzed as its control pin temp_CPU/dtmem_reg[5]/G is not reached by a timing clock
Related violations: <none>

TIMING-20#61 Warning
Non-clocked latch  
The latch temp_CPU/dtmem_reg[6] cannot be properly analyzed as its control pin temp_CPU/dtmem_reg[6]/G is not reached by a timing clock
Related violations: <none>

TIMING-20#62 Warning
Non-clocked latch  
The latch temp_CPU/dtmem_reg[7] cannot be properly analyzed as its control pin temp_CPU/dtmem_reg[7]/G is not reached by a timing clock
Related violations: <none>

TIMING-20#63 Warning
Non-clocked latch  
The latch temp_CPU/dtmem_reg[8] cannot be properly analyzed as its control pin temp_CPU/dtmem_reg[8]/G is not reached by a timing clock
Related violations: <none>

TIMING-20#64 Warning
Non-clocked latch  
The latch temp_CPU/dtmem_reg[9] cannot be properly analyzed as its control pin temp_CPU/dtmem_reg[9]/G is not reached by a timing clock
Related violations: <none>

TIMING-20#65 Warning
Non-clocked latch  
The latch temp_CPU/i_decoded_reg[0] cannot be properly analyzed as its control pin temp_CPU/i_decoded_reg[0]/G is not reached by a timing clock
Related violations: <none>

TIMING-20#66 Warning
Non-clocked latch  
The latch temp_CPU/i_decoded_reg[1] cannot be properly analyzed as its control pin temp_CPU/i_decoded_reg[1]/G is not reached by a timing clock
Related violations: <none>

TIMING-20#67 Warning
Non-clocked latch  
The latch temp_CPU/i_decoded_reg[2] cannot be properly analyzed as its control pin temp_CPU/i_decoded_reg[2]/G is not reached by a timing clock
Related violations: <none>

TIMING-20#68 Warning
Non-clocked latch  
The latch temp_CPU/i_decoded_reg[3] cannot be properly analyzed as its control pin temp_CPU/i_decoded_reg[3]/G is not reached by a timing clock
Related violations: <none>

TIMING-20#69 Warning
Non-clocked latch  
The latch temp_CPU/rf_reg[15][7]_LDC cannot be properly analyzed as its control pin temp_CPU/rf_reg[15][7]_LDC/G is not reached by a timing clock
Related violations: <none>

TIMING-20#70 Warning
Non-clocked latch  
The latch temp_CPU/rf_reg[15][8]_LDC cannot be properly analyzed as its control pin temp_CPU/rf_reg[15][8]_LDC/G is not reached by a timing clock
Related violations: <none>

TIMING-20#71 Warning
Non-clocked latch  
The latch temp_CPU/rf_reg[15][9]_LDC cannot be properly analyzed as its control pin temp_CPU/rf_reg[15][9]_LDC/G is not reached by a timing clock
Related violations: <none>


